Scanning 2102 C++ files for Java keywords...
Fixed: zombie/AmbientSoundManager.h
Fixed: zombie/CollisionManager.h
Fixed: zombie/MapGroups.h
Fixed: zombie/ZombieTemplateManager.h
Fixed: zombie/FliesSound.h
Fixed: zombie/SandboxOptions.h
Fixed: zombie/MapCollisionData.h
Fixed: zombie/WorldSoundManager.h
Fixed: fmod/javafmodJNI.h
  Processing: 100/2102
  Processing: 200/2102
Fixed: zombie/worldMap/WorldMapRenderer.h
Fixed: zombie/worldMap/WorldMapSettings.h
Fixed: zombie/worldMap/VASErenderer.h
  Processing: 300/2102
Fixed: zombie/characters/IsoGameCharacter.h
Fixed: zombie/iso/IsoMetaGrid.h
Fixed: zombie/iso/WorldObjectsSyncRequests.h
  Processing: 400/2102
Fixed: zombie/iso/ObjectsSyncRequests.h
Fixed: zombie/iso/WorldMarkers.h
Fixed: zombie/iso/LightingJNI.h
Fixed: zombie/iso/ParticlesFire.h
Fixed: zombie/iso/IsoWorld.h
Fixed: zombie/iso/MultiStageBuilding.h
Fixed: zombie/iso/IsoObjectSyncRequests.h
Fixed: zombie/iso/IsoCell.h
Fixed: zombie/fileSystem/TexturePackDevice.h
  Processing: 500/2102
Fixed: zombie/ui/UIDebugConsole.h
Fixed: zombie/ui/UI3DModel.h
Fixed: zombie/ui/FPSGraph.h
Fixed: zombie/popman/MPDebugInfo.h
Fixed: zombie/popman/ZombiePopulationManager.h
Fixed: zombie/popman/ZombiePopulationRenderer.h
Fixed: zombie/popman/DebugCommands.h
Fixed: zombie/savefile/ClientPlayerDB.h
  Processing: 600/2102
Fixed: zombie/core/SpriteRenderer.h
Fixed: zombie/vehicles/PolygonalMap2.h
Fixed: zombie/vehicles/Clipper.h
Fixed: zombie/vehicles/UI3DScene.h
Fixed: zombie/vehicles/ClipperOffset.h
Fixed: zombie/vehicles/PathFindBehavior2.h
Fixed: zombie/network/PlayerDownloadServer.h
Fixed: zombie/network/CoopMaster.h
Fixed: zombie/network/FakeClientManager.h
Fixed: zombie/network/ServerWorldDatabase.h
Fixed: zombie/network/RCONServer.h
Fixed: zombie/network/ServerLOS.h
  Processing: 700/2102
Fixed: zombie/network/ServerChunkLoader.h
Fixed: zombie/network/MPStatistic.h
Fixed: zombie/gameStates/ConnectToServerState.h
Fixed: zombie/gameStates/MainScreenState.h
Fixed: zombie/gameStates/AnimationViewerState.h
Fixed: zombie/gameStates/DebugChunkState.h
Fixed: zombie/randomizedWorld/randomizedBuilding/RBTableStory.h
  Processing: 800/2102
Fixed: zombie/erosion/categories/NaturePlants.h
Fixed: zombie/erosion/categories/NatureBush.h
Fixed: zombie/erosion/categories/NatureTrees.h
Fixed: zombie/erosion/categories/ErosionCategory.h
Fixed: zombie/erosion/utils/Noise2D.h
  Processing: 900/2102
Fixed: zombie/characters/traits/TraitCollection.h
Fixed: zombie/characters/BodyDamage/Thermoregulator.h
Fixed: zombie/characters/BodyDamage/Thermoregulator_tryouts.h
  Processing: 1000/2102
Fixed: zombie/util/map/IntKeyOpenHashMap.h
Fixed: zombie/iso/weather/ThunderStorm.h
Fixed: zombie/iso/objects/IsoMannequin.h
  Processing: 1100/2102
Fixed: zombie/iso/weather/dbg/ClimMngrDebug.h
Fixed: zombie/iso/weather/fx/RainParticle.h
  Processing: 1200/2102
Fixed: zombie/debug/options/Network.h
Fixed: zombie/debug/options/Terrain.h
  Processing: 1300/2102
Fixed: zombie/core/raknet/UdpConnection.h
Fixed: zombie/core/raknet/RakNetPeerInterface.h
Fixed: zombie/core/raknet/RakVoice.h
Fixed: zombie/core/znet/SteamWorkshop.h
Fixed: zombie/core/znet/ServerBrowser.h
Fixed: zombie/core/znet/ZNet.h
Fixed: zombie/core/znet/SteamUser.h
Fixed: zombie/core/znet/SteamGameServer.h
Fixed: zombie/core/znet/SteamFriends.h
Fixed: zombie/core/znet/PortMapper.h
Fixed: zombie/core/znet/SteamUtils.h
Fixed: zombie/core/booleanrectangles/BooleanRectangleCollection.h
  Processing: 1400/2102
Fixed: zombie/core/fonts/AngelCodeFont.h
Fixed: zombie/core/skinnedmodel/DeadBodyAtlas.h
Fixed: zombie/core/physics/Bullet.h
Fixed: zombie/core/physics/PhysicsDebugRenderer.h
Fixed: zombie/core/Collections/NonBlockingHashMapLong.h
Fixed: zombie/core/Collections/NonBlockingHashtable.h
Fixed: zombie/core/Collections/NonBlockingSetInt.h
Fixed: zombie/core/Collections/NonBlockingIdentityHashMap.h
Fixed: zombie/core/Collections/NonBlockingHashMap.h
Fixed: zombie/core/Collections/ZomboidHashMap.h
  Processing: 1500/2102
Fixed: zombie/core/skinnedmodel/advancedanimation/AnimatedModel.h
Fixed: zombie/core/skinnedmodel/model/WorldItemAtlas.h
  Processing: 1600/2102
Fixed: zombie/core/skinnedmodel/advancedanimation/debug/AnimatorDebugMonitor.h
Fixed: zombie/network/packets/PlayerVariables.h
  Processing: 1700/2102
Fixed: zombie/inventory/types/Clothing.h
Fixed: de/jarnbjo/ogg/CachedUrlStream.h
Fixed: de/jarnbjo/ogg/UncachedUrlStream.h
Fixed: se/krka/kahlua/converter/KahluaTableConverter.h
  Processing: 1800/2102
  Processing: 1900/2102
Fixed: org/lwjglx/BufferUtils.h
  Processing: 2000/2102
  Processing: 2100/2102

Fixed 97 files
