Auditing 2102 header files for missing members...
  Processing: 100/2102
  Processing: 200/2102
  Processing: 300/2102
  Processing: 400/2102
  Processing: 500/2102
  Processing: 600/2102
  Processing: 700/2102
  Processing: 800/2102
  Processing: 900/2102
  Processing: 1000/2102
  Processing: 1100/2102
  Processing: 1200/2102
  Processing: 1300/2102
  Processing: 1400/2102
  Processing: 1500/2102
  Processing: 1600/2102
  Processing: 1700/2102
  Processing: 1800/2102
  Processing: 1900/2102
  Processing: 2000/2102
  Processing: 2100/2102

Analyzed 2550 classes
Traceback (most recent call last):
  File "/workspaces/PZ/tools/audit_class_members.py", line 203, in <module>
    sys.exit(main())
             ^^^^^^
  File "/workspaces/PZ/tools/audit_class_members.py", line 196, in main
    auditor.find_issues()
  File "/workspaces/PZ/tools/audit_class_members.py", line 110, in find_issues
    suffix[0].lower() + suffix[1:],
    ~~~~~~^^^
IndexError: string index out of range
