Scanning 2102 C++ files for Java-to-C++ issues...
  Processing: 100/2102
  Processing: 200/2102
  Processing: 300/2102
  Processing: 400/2102
  Processing: 500/2102
  Processing: 600/2102
  Processing: 700/2102
  Processing: 800/2102
  Processing: 900/2102
  Processing: 1000/2102
  Processing: 1100/2102
  Processing: 1200/2102
  Processing: 1300/2102
  Processing: 1400/2102
  Processing: 1500/2102
  Processing: 1600/2102
  Processing: 1700/2102
  Processing: 1800/2102
  Processing: 1900/2102
  Processing: 2000/2102
  Processing: 2100/2102

============================================================
Java-to-C++ Conversion Report
============================================================

Files Fixed: 1984

Issues Corrected:
  this. → this->               1 occurrences
  throw new → throw            0 occurrences
  .isEmpty() → .empty()        0 occurrences
  null → nullptr               0 occurrences
  Java keywords removed       10 occurrences
  == nullptr fixed             0 occurrences
  Double parenthesis fixed     0 occurrences

Total Fixes Applied: 11
============================================================

