Found 563 Java files to convert
Output directory: /workspaces/PZ/converted2
============================================================
[1/563] ✓ Converted: MusicManager.java → MusicManager.h, MusicManager.cpp
[2/563] ✓ Converted: ZomboidGlobals.java → ZomboidGlobals.h, ZomboidGlobals.cpp
[3/563] ✓ Converted: IndieLogger.java → IndieLogger.h, IndieLogger.cpp
[4/563] ✓ Converted: VirtualZombie.java → VirtualZombie.h, VirtualZombie.cpp
[5/563] ✓ Converted: GameTime.java → GameTime.h, GameTime.cpp
[6/563] ✓ Converted: GameProfiler.java → GameProfiler.h, GameProfiler.cpp
[7/563] ✓ Converted: SpriteTest.java → SpriteTest.h, SpriteTest.cpp
[8/563] ✓ Converted: ZomboidBitFlag.java → ZomboidBitFlag.h, ZomboidBitFlag.cpp
[9/563] ✓ Converted: LOSThread.java → LOSThread.h, LOSThread.cpp
[10/563] ✓ Converted: FrameLoader.java → FrameLoader.h, FrameLoader.cpp
[11/563] ✓ Converted: OptionsLauncher.java → OptionsLauncher.h, OptionsLauncher.cpp
[12/563] ✓ Converted: WorldSoundManager.java → WorldSoundManager.h, WorldSoundManager.cpp
[13/563] ✓ Converted: CollisionManager.java → CollisionManager.h, CollisionManager.cpp
[14/563] ✓ Converted: EndGameTextManager.java → EndGameTextManager.h, EndGameTextManager.cpp
[15/563] ✓ Converted: PathfindManager.java → PathfindManager.h, PathfindManager.cpp
[16/563] ✓ Converted: VirtualZombieManager.java → VirtualZombieManager.h, VirtualZombieManager.cpp
[17/563] ✓ Converted: CollisionMatrixPrototypes.java → CollisionMatrixPrototypes.h, CollisionMatrixPrototypes.cpp
[18/563] ✓ Converted: GameWindow.java → GameWindow.h, GameWindow.cpp
[19/563] ✓ Converted: ISoundSystem.java → ISoundSystem.h, ISoundSystem.cpp
[20/563] ✓ Converted: BitMatrix.java → BitMatrix.h, BitMatrix.cpp
[21/563] ✓ Converted: IndieGL.java → IndieGL.h, IndieGL.cpp
[22/563] ✓ Converted: SoundManager.java → SoundManager.h, SoundManager.cpp
[23/563] ✓ Converted: SaveManager.java → SaveManager.h, SaveManager.cpp
[24/563] ✓ Converted: GameApplet.java → GameApplet.h, GameApplet.cpp
[25/563] ✓ Converted: ScriptManager.java → ScriptManager.h, ScriptManager.cpp
[26/563] ✓ Converted: ScriptCommandHandler.java → ScriptCommandHandler.h, ScriptCommandHandler.cpp
[27/563] ✓ Converted: ScriptParsingUtils.java → ScriptParsingUtils.h, ScriptParsingUtils.cpp
[28/563] ✓ Converted: IScriptObjectStore.java → IScriptObjectStore.h, IScriptObjectStore.cpp
[29/563] ✓ Converted: Mod.java → Mod.h, Mod.cpp
[30/563] ✓ Converted: LoadingList.java → LoadingList.h, LoadingList.cpp
[31/563] ✓ Converted: LoadingScreen.java → LoadingScreen.h, LoadingScreen.cpp
[32/563] ✓ Converted: DeferredResource.java → DeferredResource.h, DeferredResource.cpp
[33/563] ✓ Converted: QuestTask_ArbitaryAction.java → QuestTask_ArbitaryAction.h, QuestTask_ArbitaryAction.cpp
[34/563] ✓ Converted: QuestTask_EquipItem.java → QuestTask_EquipItem.h, QuestTask_EquipItem.cpp
[35/563] ✓ Converted: QuestTaskType.java → QuestTaskType.h, QuestTaskType.cpp
[36/563] ✓ Converted: QuestTask_GotoLocation.java → QuestTask_GotoLocation.h, QuestTask_GotoLocation.cpp
[37/563] ✓ Converted: Quest.java → Quest.h, Quest.cpp
[38/563] ✓ Converted: QuestTask_FindItem.java → QuestTask_FindItem.h, QuestTask_FindItem.cpp
[39/563] ✓ Converted: Completable.java → Completable.h, Completable.cpp
[40/563] ✓ Converted: QuestTask_TalkTo.java → QuestTask_TalkTo.h, QuestTask_TalkTo.cpp
[41/563] ✓ Converted: QuestTask.java → QuestTask.h, QuestTask.cpp
[42/563] ✓ Converted: QuestManager.java → QuestManager.h, QuestManager.cpp
[43/563] ✓ Converted: QuestCreator.java → QuestCreator.h, QuestCreator.cpp
[44/563] ✓ Converted: QuestTask_ScriptCondition.java → QuestTask_ScriptCondition.h, QuestTask_ScriptCondition.cpp
[45/563] ✓ Converted: QuestTask_UseItemOn.java → QuestTask_UseItemOn.h, QuestTask_UseItemOn.cpp
[46/563] ✓ Converted: QuestTask_GiveItem.java → QuestTask_GiveItem.h, QuestTask_GiveItem.cpp
[47/563] ✓ Converted: SurvivorFactory.java → SurvivorFactory.h, SurvivorFactory.cpp
[48/563] ✓ Converted: IsoZombie.java → IsoZombie.h, IsoZombie.cpp
[49/563] ✓ Converted: WeaponOverlayUtils.java → WeaponOverlayUtils.h, WeaponOverlayUtils.cpp
[50/563] ✓ Converted: IsoLivingCharacter.java → IsoLivingCharacter.h, IsoLivingCharacter.cpp
[51/563] ✓ Converted: IsoSurvivor.java → IsoSurvivor.h, IsoSurvivor.cpp
[52/563] ✓ Converted: SurvivorGroup.java → SurvivorGroup.h, SurvivorGroup.cpp
[53/563] ✓ Converted: SurvivorPersonality.java → SurvivorPersonality.h, SurvivorPersonality.cpp
[54/563] ✓ Converted: Talker.java → Talker.h, Talker.cpp
[55/563] ✓ Converted: IsoPlayer.java → IsoPlayer.h, IsoPlayer.cpp
[56/563] ✓ Converted: ZombieGroup.java → ZombieGroup.h, ZombieGroup.cpp
[57/563] ✓ Converted: IsoGameCharacter.java → IsoGameCharacter.h, IsoGameCharacter.cpp
[58/563] ✓ Converted: SurvivorDesc.java → SurvivorDesc.h, SurvivorDesc.cpp
[59/563] ✓ Converted: IsoUtils.java → IsoUtils.h, IsoUtils.cpp
[60/563] ✓ Converted: Vector3.java → Vector3.h, Vector3.cpp
[61/563] ✓ Converted: LosUtil.java → LosUtil.h, LosUtil.cpp
[62/563] ✓ Converted: CellLoader.java → CellLoader.h, CellLoader.cpp
[63/563] ✓ Converted: IsoPushableObject.java → IsoPushableObject.h, IsoPushableObject.cpp
[64/563] ✓ Converted: BlockInfo.java → BlockInfo.h, BlockInfo.cpp
[65/563] ✓ Converted: CellStreamer.java → CellStreamer.h, CellStreamer.cpp
[66/563] ✓ Converted: IsoObjectPicker.java → IsoObjectPicker.h, IsoObjectPicker.cpp
[67/563] ✓ Converted: IsoMovingObject.java → IsoMovingObject.h, IsoMovingObject.cpp
[68/563] ✓ Converted: IsoDirectionSet.java → IsoDirectionSet.h, IsoDirectionSet.cpp
[69/563] ✓ Converted: IsoGridSquare.java → IsoGridSquare.h, IsoGridSquare.cpp
[70/563] ✓ Converted: IsoDirections.java → IsoDirections.h, IsoDirections.cpp
[71/563] ✓ Converted: IsoPhysicsObject.java → IsoPhysicsObject.h, IsoPhysicsObject.cpp
[72/563] ✓ Converted: IsoObject.java → IsoObject.h, IsoObject.cpp
[73/563] ✓ Converted: IsoCell.java → IsoCell.h, IsoCell.cpp
[74/563] ✓ Converted: IsoLightSource.java → IsoLightSource.h, IsoLightSource.cpp
[75/563] ✓ Converted: Vector2.java → Vector2.h, Vector2.cpp
[76/563] ✓ Converted: IsoCamera.java → IsoCamera.h, IsoCamera.cpp
[77/563] ✓ Converted: SliceY.java → SliceY.h, SliceY.cpp
[78/563] ✓ Converted: IsoWorld.java → IsoWorld.h, IsoWorld.cpp
[79/563] ✓ Converted: IsoLot.java → IsoLot.h, IsoLot.cpp
[80/563] ✓ Converted: Commands.java → Commands.h, Commands.cpp
[81/563] ✓ Converted: StateMachine.java → StateMachine.h, StateMachine.cpp
[82/563] ✓ Converted: State.java → State.h, State.cpp
[83/563] ✓ Converted: Mouse.java → Mouse.h, Mouse.cpp
[84/563] ✓ Converted: Keys.java → Keys.h, Keys.cpp
[85/563] ✓ Converted: IDestroyable.java → IDestroyable.h, IDestroyable.cpp
[86/563] ✓ Converted: ITexture.java → ITexture.h, ITexture.cpp
[87/563] ✓ Converted: IMaskerable.java → IMaskerable.h, IMaskerable.cpp
[88/563] ✓ Converted: IListBoxItem.java → IListBoxItem.h, IListBoxItem.cpp
[89/563] ✓ Converted: IUpdater.java → IUpdater.h, IUpdater.cpp
[90/563] ✓ Converted: BehaviorHub.java → BehaviorHub.h, BehaviorHub.cpp
[91/563] ✓ Converted: RandomBehavior.java → RandomBehavior.h, RandomBehavior.cpp
[92/563] ✓ Converted: Behavior.java → Behavior.h, Behavior.cpp
[93/563] ✓ Converted: DecisionPath.java → DecisionPath.h, DecisionPath.cpp
[94/563] ✓ Converted: SequenceBehavior.java → SequenceBehavior.h, SequenceBehavior.cpp
[95/563] ✓ Converted: RootBehavior.java → RootBehavior.h, RootBehavior.cpp
[96/563] ✓ Converted: SelectorBehavior.java → SelectorBehavior.h, SelectorBehavior.cpp
[97/563] ✓ Converted: PZConsole.java → PZConsole.h, PZConsole.cpp
[98/563] ✓ Converted: UIDebugConsole.java → UIDebugConsole.h, UIDebugConsole.cpp
[99/563] ✓ Converted: EndTutorialMessage.java → EndTutorialMessage.h, EndTutorialMessage.cpp
[100/563] ✓ Converted: LuaUIWindow.java → LuaUIWindow.h, LuaUIWindow.cpp
[101/563] ✓ Converted: TextBox.java → TextBox.h, TextBox.cpp
[102/563] ✓ Converted: UIEventHandler.java → UIEventHandler.h, UIEventHandler.cpp
[103/563] ✓ Converted: LevelUpScreen.java → LevelUpScreen.h, LevelUpScreen.cpp
[104/563] ✓ Converted: NewHealthPanel.java → NewHealthPanel.h, NewHealthPanel.cpp
[105/563] ✓ Converted: MovementBlender.java → MovementBlender.h, MovementBlender.cpp
[106/563] ✓ Converted: ListBox.java → ListBox.h, ListBox.cpp
[107/563] ✓ Converted: QuestControl.java → QuestControl.h, QuestControl.cpp
[108/563] ✓ Converted: ModBrowser.java → ModBrowser.h, ModBrowser.cpp
[109/563] ✓ Converted: QuestPanel.java → QuestPanel.h, QuestPanel.cpp
[110/563] ✓ Converted: StatsPage.java → StatsPage.h, StatsPage.cpp
[111/563] ✓ Converted: DirectionSwitcher.java → DirectionSwitcher.h, DirectionSwitcher.cpp
[112/563] ✓ Converted: UIElement.java → UIElement.h, UIElement.cpp
[113/563] ✓ Converted: SpeedControls.java → SpeedControls.h, SpeedControls.cpp
[114/563] ✓ Converted: DraggableWindow.java → DraggableWindow.h, DraggableWindow.cpp
[115/563] ✓ Converted: UI_BodyPart.java → UI_BodyPart.h, UI_BodyPart.cpp
[116/563] ✓ Converted: HelpIcon.java → HelpIcon.h, HelpIcon.cpp
[117/563] ✓ Converted: StatBar.java → StatBar.h, StatBar.cpp
[118/563] ✓ Converted: NewWindow.java → NewWindow.h, NewWindow.cpp
[119/563] ✓ Converted: TutorialPanel.java → TutorialPanel.h, TutorialPanel.cpp
[120/563] ✓ Converted: UIManager.java → UIManager.h, UIManager.cpp
[121/563] ✓ Converted: UIFont.java → UIFont.h, UIFont.cpp
[122/563] ✓ Converted: VirtualItemSlot.java → VirtualItemSlot.h, VirtualItemSlot.cpp
[123/563] ✓ Converted: TutorialManager.java → TutorialManager.h, TutorialManager.cpp
[124/563] ✓ Converted: MoodlesUI.java → MoodlesUI.h, MoodlesUI.cpp
[125/563] ✓ Converted: PerkButton.java → PerkButton.h, PerkButton.cpp
[126/563] ✓ Converted: TextManager.java → TextManager.h, TextManager.cpp
[127/563] ✓ Converted: ClothingPanel.java → ClothingPanel.h, ClothingPanel.cpp
[128/563] ✓ Converted: UITextBox2.java → UITextBox2.h, UITextBox2.cpp
[129/563] ✓ Converted: NewContainerPanel.java → NewContainerPanel.h, NewContainerPanel.cpp
[130/563] ✓ Converted: ObjectTooltip.java → ObjectTooltip.h, ObjectTooltip.cpp
[131/563] ✓ Converted: QuestHUD.java → QuestHUD.h, QuestHUD.cpp
[132/563] ✓ Converted: ModalDialog.java → ModalDialog.h, ModalDialog.cpp
[133/563] ✓ Converted: LevelUpCategory.java → LevelUpCategory.h, LevelUpCategory.cpp
[134/563] ✓ Converted: Sidebar.java → Sidebar.h, Sidebar.cpp
[135/563] ✓ Converted: UIDialoguePanel.java → UIDialoguePanel.h, UIDialoguePanel.cpp
[136/563] ✓ Converted: DoubleSizer.java → DoubleSizer.h, DoubleSizer.cpp
[137/563] ✓ Converted: CharacterCreationPanel.java → CharacterCreationPanel.h, CharacterCreationPanel.cpp
[138/563] ✓ Converted: RadialMenu.java → RadialMenu.h, RadialMenu.cpp
[139/563] ✓ Converted: ScrollBar.java → ScrollBar.h, ScrollBar.cpp
[140/563] ✓ Converted: EmotionPanel.java → EmotionPanel.h, EmotionPanel.cpp
[141/563] ✓ Converted: InventoryFlowControl.java → InventoryFlowControl.h, InventoryFlowControl.cpp
[142/563] ✓ Converted: DialogButton.java → DialogButton.h, DialogButton.cpp
[143/563] ✓ Converted: EnduranceWidget.java → EnduranceWidget.h, EnduranceWidget.cpp
[144/563] ✓ Converted: UINineGrid.java → UINineGrid.h, UINineGrid.cpp
[145/563] ✓ Converted: GenericButton.java → GenericButton.h, GenericButton.cpp
[146/563] ✓ Converted: NewCraftingPanel.java → NewCraftingPanel.h, NewCraftingPanel.cpp
[147/563] ✓ Converted: Clock.java → Clock.h, Clock.cpp
[148/563] ✓ Converted: HUDButton.java → HUDButton.h, HUDButton.cpp
[149/563] ✓ Converted: ActionProgressBar.java → ActionProgressBar.h, ActionProgressBar.cpp
[150/563] ✓ Converted: IndieFileLoader.java → IndieFileLoader.h, IndieFileLoader.cpp
[151/563] ✓ Converted: FastTrig.java → FastTrig.h, FastTrig.cpp
[152/563] ✓ Converted: Color.java → Color.h, Color.cpp
[153/563] ✓ Converted: Core.java → Core.h, Core.cpp
[154/563] ✓ Converted: LaunchDialog.java → LaunchDialog.h, LaunchDialog.cpp
[155/563] ✓ Converted: Rand.java → Rand.h, Rand.cpp
[156/563] ✓ Converted: StaticRef.java → StaticRef.h, StaticRef.cpp
[157/563] ✓ Converted: SpriteRenderer.java → SpriteRenderer.h, SpriteRenderer.cpp
[158/563] ✓ Converted: StreamSound.java → StreamSound.h, StreamSound.cpp
[159/563] ✓ Converted: WaveData.java → WaveData.h, WaveData.cpp
[160/563] ✓ Converted: MODSound.java → MODSound.h, MODSound.cpp
[161/563] ✓ Converted: NullAudio.java → NullAudio.h, NullAudio.cpp
[162/563] ✓ Converted: AudioInputStream.java → AudioInputStream.h, AudioInputStream.cpp
[163/563] ✓ Converted: AiffData.java → AiffData.h, AiffData.cpp
[164/563] ✓ Converted: OggInputStream.java → OggInputStream.h, OggInputStream.cpp
[165/563] ✓ Converted: AudioLoader.java → AudioLoader.h, AudioLoader.cpp
[166/563] ✓ Converted: SoundStore.java → SoundStore.h, SoundStore.cpp
[167/563] ✓ Converted: OggData.java → OggData.h, OggData.cpp
[168/563] ✓ Converted: DeferredSound.java → DeferredSound.h, DeferredSound.cpp
[169/563] ✓ Converted: OpenALStreamPlayer.java → OpenALStreamPlayer.h, OpenALStreamPlayer.cpp
[170/563] ✓ Converted: AudioImpl.java → AudioImpl.h, AudioImpl.cpp
[171/563] ✓ Converted: Audio.java → Audio.h, Audio.cpp
[172/563] ✓ Converted: OggDecoder.java → OggDecoder.h, OggDecoder.cpp
[173/563] ✓ Converted: ConnectionRequest.java → ConnectionRequest.h, ConnectionRequest.cpp
[174/563] ✓ Converted: Kryo.java → Kryo.h, Kryo.cpp
[175/563] ✓ Converted: ConnectionResponse.java → ConnectionResponse.h, ConnectionResponse.cpp
[176/563] ✓ Converted: ZombieUpdateData.java → ZombieUpdateData.h, ZombieUpdateData.cpp
[177/563] ✓ Converted: NetObjectRegistration.java → NetObjectRegistration.h, NetObjectRegistration.cpp
[178/563] ✓ Converted: AddPlayer.java → AddPlayer.h, AddPlayer.cpp
[179/563] ✓ Converted: ClientMapLoaded.java → ClientMapLoaded.h, ClientMapLoaded.cpp
[180/563] ✓ Converted: GameClient.java → GameClient.h, GameClient.cpp
[181/563] ✓ Converted: FinishedTransmittingStartState.java → FinishedTransmittingStartState.h, FinishedTransmittingStartState.cpp
[182/563] ✓ Converted: ClientAddPlayer.java → ClientAddPlayer.h, ClientAddPlayer.cpp
[183/563] ✓ Converted: DoorInteraction.java → DoorInteraction.h, DoorInteraction.cpp
[184/563] ✓ Converted: DisconnectionMessage.java → DisconnectionMessage.h, DisconnectionMessage.cpp
[185/563] ✓ Converted: DamagePlayer.java → DamagePlayer.h, DamagePlayer.cpp
[186/563] ✓ Converted: PlayerUpdateData.java → PlayerUpdateData.h, PlayerUpdateData.cpp
[187/563] ✓ Converted: PingData.java → PingData.h, PingData.cpp
[188/563] ✓ Converted: AddZombie.java → AddZombie.h, AddZombie.cpp
[189/563] ✓ Converted: ClientPlayerUpdateData.java → ClientPlayerUpdateData.h, ClientPlayerUpdateData.cpp
[190/563] ✓ Converted: GameServer.java → GameServer.h, GameServer.cpp
[191/563] ✓ Converted: AddZombies.java → AddZombies.h, AddZombies.cpp
[192/563] ✓ Converted: IngameState.java → IngameState.h, IngameState.cpp
[193/563] ✓ Converted: LoginState.java → LoginState.h, LoginState.cpp
[194/563] ✓ Converted: GameStateMachine.java → GameStateMachine.h, GameStateMachine.cpp
[195/563] ✓ Converted: GameLoadingState.java → GameLoadingState.h, GameLoadingState.cpp
[196/563] ✓ Converted: GameState.java → GameState.h, GameState.cpp
[197/563] ✓ Converted: AlphaWarningState.java → AlphaWarningState.h, AlphaWarningState.cpp
[198/563] ✓ Converted: CharacterCreationState.java → CharacterCreationState.h, CharacterCreationState.cpp
[199/563] ✓ Converted: ChooseStory.java → ChooseStory.h, ChooseStory.cpp
[200/563] ✓ Converted: PresentsState.java → PresentsState.h, PresentsState.cpp
[201/563] ✓ Converted: MainScreenState.java → MainScreenState.h, MainScreenState.cpp
[202/563] ✓ Converted: LoadGamePopupState.java → LoadGamePopupState.h, LoadGamePopupState.cpp
[203/563] ✓ Converted: ModBrowserState.java → ModBrowserState.h, ModBrowserState.cpp
[204/563] ✓ Converted: PrefaceState.java → PrefaceState.h, PrefaceState.cpp
[205/563] ✓ Converted: ItemContainer.java → ItemContainer.h, ItemContainer.cpp
[206/563] ✓ Converted: RecipeManager.java → RecipeManager.h, RecipeManager.cpp
[207/563] ✓ Converted: ItemType.java → ItemType.h, ItemType.cpp
[208/563] ✓ Converted: InventoryItemFactory.java → InventoryItemFactory.h, InventoryItemFactory.cpp
[209/563] ✓ Converted: InventoryItem.java → InventoryItem.h, InventoryItem.cpp
[210/563] ✓ Converted: ItemContainerFiller.java → ItemContainerFiller.h, ItemContainerFiller.cpp
[211/563] ✓ Converted: QuestTaskCondition.java → QuestTaskCondition.h, QuestTaskCondition.cpp
[212/563] ✓ Converted: ScriptCharacter.java → ScriptCharacter.h, ScriptCharacter.cpp
[213/563] ✓ Converted: FloorDistribution.java → FloorDistribution.h, FloorDistribution.cpp
[214/563] ✓ Converted: Trigger.java → Trigger.h, Trigger.cpp
[215/563] ✓ Converted: Conditional.java → Conditional.h, Conditional.cpp
[216/563] ✓ Converted: Door.java → Door.h, Door.cpp
[217/563] ✓ Converted: Item.java → Item.h, Item.cpp
[218/563] ✓ Converted: ContainerDistribution.java → ContainerDistribution.h, ContainerDistribution.cpp
[219/563] ✓ Converted: BaseScriptObject.java → BaseScriptObject.h, BaseScriptObject.cpp
[220/563] ✓ Converted: Waypoint.java → Waypoint.h, Waypoint.cpp
[221/563] ✓ Converted: RandomSelector.java → RandomSelector.h, RandomSelector.cpp
[222/563] ✓ Converted: Inventory.java → Inventory.h, Inventory.cpp
[223/563] ✓ Converted: ScriptModule.java → ScriptModule.h, ScriptModule.cpp
[224/563] ✓ Converted: Script.java → Script.h, Script.cpp
[225/563] ✓ Converted: Zone.java → Zone.h, Zone.cpp
[226/563] ✓ Converted: ScriptFlag.java → ScriptFlag.h, ScriptFlag.cpp
[227/563] ✓ Converted: Recipe.java → Recipe.h, Recipe.cpp
[228/563] ✓ Converted: ScriptActivatable.java → ScriptActivatable.h, ScriptActivatable.cpp
[229/563] ✓ Converted: LanguageDefinition.java → LanguageDefinition.h, LanguageDefinition.cpp
[230/563] ✓ Converted: ScriptContainer.java → ScriptContainer.h, ScriptContainer.cpp
[231/563] ✓ Converted: Room.java → Room.h, Room.cpp
[232/563] ✓ Converted: ShelfDistribution.java → ShelfDistribution.h, ShelfDistribution.cpp
[233/563] ✓ Converted: ScriptTalker.java → ScriptTalker.h, ScriptTalker.cpp
[234/563] ✓ Converted: WaitCommand.java → WaitCommand.h, WaitCommand.cpp
[235/563] ✓ Converted: BaseCommand.java → BaseCommand.h, BaseCommand.cpp
[236/563] ✓ Converted: LoadTexturePage.java → LoadTexturePage.h, LoadTexturePage.cpp
[237/563] ✓ Converted: ResumeAllScriptsExcept.java → ResumeAllScriptsExcept.h, ResumeAllScriptsExcept.cpp
[238/563] ✓ Converted: CommandFactory.java → CommandFactory.h, CommandFactory.cpp
[239/563] ✓ Converted: StopAllScriptsContaining.java → StopAllScriptsContaining.h, StopAllScriptsContaining.cpp
[240/563] ✓ Converted: StopAllScriptsExcept.java → StopAllScriptsExcept.h, StopAllScriptsExcept.cpp
[241/563] ✓ Converted: ConditionalCommand.java → ConditionalCommand.h, ConditionalCommand.cpp
[242/563] ✓ Converted: PauseAllScriptsExcept.java → PauseAllScriptsExcept.h, PauseAllScriptsExcept.cpp
[243/563] ✓ Converted: StopAllScriptsExceptContaining.java → StopAllScriptsExceptContaining.h, StopAllScriptsExceptContaining.cpp
[244/563] ✓ Converted: SetModuleAlias.java → SetModuleAlias.h, SetModuleAlias.cpp
[245/563] ✓ Converted: LockHud.java → LockHud.h, LockHud.cpp
[246/563] ✓ Converted: SayCommand.java → SayCommand.h, SayCommand.cpp
[247/563] ✓ Converted: IsAggressivePose.java → IsAggressivePose.h, IsAggressivePose.cpp
[248/563] ✓ Converted: PopOrder.java → PopOrder.h, PopOrder.cpp
[249/563] ✓ Converted: EquipItem.java → EquipItem.h, EquipItem.cpp
[250/563] ✓ Converted: WalkToLastHeardSound.java → WalkToLastHeardSound.h, WalkToLastHeardSound.cpp
[251/563] ✓ Converted: Attack.java → Attack.h, Attack.cpp
[252/563] ✓ Converted: AllowBehaviours.java → AllowBehaviours.h, AllowBehaviours.cpp
[253/563] ✓ Converted: Exists.java → Exists.h, Exists.cpp
[254/563] ✓ Converted: IsDead.java → IsDead.h, IsDead.cpp
[255/563] ✓ Converted: Sleep.java → Sleep.h, Sleep.cpp
[256/563] ✓ Converted: WalkCommand.java → WalkCommand.h, WalkCommand.cpp
[257/563] ✓ Converted: StopAction.java → StopAction.h, StopAction.cpp
[258/563] ✓ Converted: AllowConversation.java → AllowConversation.h, AllowConversation.cpp
[259/563] ✓ Converted: IsNumberOfEnemiesOver.java → IsNumberOfEnemiesOver.h, IsNumberOfEnemiesOver.cpp
[260/563] ✓ Converted: SayAt.java → SayAt.h, SayAt.cpp
[261/563] ✓ Converted: IsAggressive.java → IsAggressive.h, IsAggressive.cpp
[262/563] ✓ Converted: IsFriendly.java → IsFriendly.h, IsFriendly.cpp
[263/563] ✓ Converted: ActualizeCommand.java → ActualizeCommand.h, ActualizeCommand.cpp
[264/563] ✓ Converted: RemoveNamedOrder.java → RemoveNamedOrder.h, RemoveNamedOrder.cpp
[265/563] ✓ Converted: AddInventory.java → AddInventory.h, AddInventory.cpp
[266/563] ✓ Converted: WalkWithinRangeOf.java → WalkWithinRangeOf.h, WalkWithinRangeOf.cpp
[267/563] ✓ Converted: SayIdle.java → SayIdle.h, SayIdle.cpp
[268/563] ✓ Converted: IsNumberOfNeutralUnder.java → IsNumberOfNeutralUnder.h, IsNumberOfNeutralUnder.cpp
[269/563] ✓ Converted: IsNumberOfLocalUnder.java → IsNumberOfLocalUnder.h, IsNumberOfLocalUnder.cpp
[270/563] ✓ Converted: IsInGroup.java → IsInGroup.h, IsInGroup.cpp
[271/563] ✓ Converted: FaceCommand.java → FaceCommand.h, FaceCommand.cpp
[272/563] ✓ Converted: IsInGroupWith.java → IsInGroupWith.h, IsInGroupWith.cpp
[273/563] ✓ Converted: IsOnFloor.java → IsOnFloor.h, IsOnFloor.cpp
[274/563] ✓ Converted: IsLeaderOfGroup.java → IsLeaderOfGroup.h, IsLeaderOfGroup.cpp
[275/563] ✓ Converted: IsNumberOfEnemiesUnder.java → IsNumberOfEnemiesUnder.h, IsNumberOfEnemiesUnder.cpp
[276/563] ✓ Converted: AddToGroup.java → AddToGroup.h, AddToGroup.cpp
[277/563] ✓ Converted: NamedOrder.java → NamedOrder.h, NamedOrder.cpp
[278/563] ✓ Converted: StringFunctions.java → StringFunctions.h, StringFunctions.cpp
[279/563] ✓ Converted: MetCountIsOver.java → MetCountIsOver.h, MetCountIsOver.cpp
[280/563] ✓ Converted: IsNumberOfNeutralOver.java → IsNumberOfNeutralOver.h, IsNumberOfNeutralOver.cpp
[281/563] ✓ Converted: InRange.java → InRange.h, InRange.cpp
[282/563] ✓ Converted: Die.java → Die.h, Die.cpp
[283/563] ✓ Converted: IsCharacterScriptFlagEqualTo.java → IsCharacterScriptFlagEqualTo.h, IsCharacterScriptFlagEqualTo.cpp
[284/563] ✓ Converted: AimWhileStationary.java → AimWhileStationary.h, AimWhileStationary.cpp
[285/563] ✓ Converted: IsInside.java → IsInside.h, IsInside.cpp
[286/563] ✓ Converted: IncrementCharacterScriptFlag.java → IncrementCharacterScriptFlag.h, IncrementCharacterScriptFlag.cpp
[287/563] ✓ Converted: IsPlayer.java → IsPlayer.h, IsPlayer.cpp
[288/563] ✓ Converted: WalkToLastKnownLocationOf.java → WalkToLastKnownLocationOf.h, WalkToLastKnownLocationOf.cpp
[289/563] ✓ Converted: IsNeutral.java → IsNeutral.h, IsNeutral.cpp
[290/563] ✓ Converted: HasInventory.java → HasInventory.h, HasInventory.cpp
[291/563] ✓ Converted: IsCharacterScriptFlagOver.java → IsCharacterScriptFlagOver.h, IsCharacterScriptFlagOver.cpp
[292/563] ✓ Converted: IsInRoom.java → IsInRoom.h, IsInRoom.cpp
[293/563] ✓ Converted: Order.java → Order.h, Order.cpp
[294/563] ✓ Converted: HasTrait.java → HasTrait.h, HasTrait.cpp
[295/563] ✓ Converted: IsNumberOfLocalOver.java → IsNumberOfLocalOver.h, IsNumberOfLocalOver.cpp
[296/563] ✓ Converted: IsSpeaking.java → IsSpeaking.h, IsSpeaking.cpp
[297/563] ✓ Converted: TestStat.java → TestStat.h, TestStat.cpp
[298/563] ✓ Converted: Anger.java → Anger.h, Anger.cpp
[299/563] ✓ Converted: AddEnemy.java → AddEnemy.h, AddEnemy.cpp
[300/563] ✓ Converted: SpawnZombie.java → SpawnZombie.h, SpawnZombie.cpp
[301/563] ✓ Converted: StartFire.java → StartFire.h, StartFire.cpp
[302/563] ✓ Converted: PlaySoundEffect.java → PlaySoundEffect.h, PlaySoundEffect.cpp
[303/563] ✓ Converted: CreateZombieSwarm.java → CreateZombieSwarm.h, CreateZombieSwarm.cpp
[304/563] ✓ Converted: PlayWorldSoundEffect.java → PlayWorldSoundEffect.h, PlayWorldSoundEffect.cpp
[305/563] ✓ Converted: Enabled.java → Enabled.h, Enabled.cpp
[306/563] ✓ Converted: RegisterOneTime.java → RegisterOneTime.h, RegisterOneTime.cpp
[307/563] ✓ Converted: AddUseItemOnTask.java → AddUseItemOnTask.h, AddUseItemOnTask.cpp
[308/563] ✓ Converted: AddHardCodedTask.java → AddHardCodedTask.h, AddHardCodedTask.cpp
[309/563] ✓ Converted: LockQuest.java → LockQuest.h, LockQuest.cpp
[310/563] ✓ Converted: AddEquipItemTask.java → AddEquipItemTask.h, AddEquipItemTask.cpp
[311/563] ✓ Converted: UnlockLastButHide.java → UnlockLastButHide.h, UnlockLastButHide.cpp
[312/563] ✓ Converted: UnlockTasksOnComplete.java → UnlockTasksOnComplete.h, UnlockTasksOnComplete.cpp
[313/563] ✓ Converted: UnlockLast.java → UnlockLast.h, UnlockLast.cpp
[314/563] ✓ Converted: AddGotoLocationTask.java → AddGotoLocationTask.h, AddGotoLocationTask.cpp
[315/563] ✓ Converted: RunScriptOnComplete.java → RunScriptOnComplete.h, RunScriptOnComplete.cpp
[316/563] ✓ Converted: AddScriptConditionTask.java → AddScriptConditionTask.h, AddScriptConditionTask.cpp
[317/563] ✓ Converted: UnlockTaskOnComplete.java → UnlockTaskOnComplete.h, UnlockTaskOnComplete.cpp
[318/563] ✓ Converted: UnlockQuest.java → UnlockQuest.h, UnlockQuest.cpp
[319/563] ✓ Converted: AddFindItemTask.java → AddFindItemTask.h, AddFindItemTask.cpp
[320/563] ✓ Converted: CreateQuest.java → CreateQuest.h, CreateQuest.cpp
[321/563] ✓ Converted: TimeSinceLastRan.java → TimeSinceLastRan.h, TimeSinceLastRan.cpp
[322/563] ✓ Converted: ProcessAlways.java → ProcessAlways.h, ProcessAlways.cpp
[323/563] ✓ Converted: ProcessNever.java → ProcessNever.h, ProcessNever.cpp
[324/563] ✓ Converted: IsLastFiredParameter.java → IsLastFiredParameter.h, IsLastFiredParameter.cpp
[325/563] ✓ Converted: AddHelpIconToUIElement.java → AddHelpIconToUIElement.h, AddHelpIconToUIElement.cpp
[326/563] ✓ Converted: SetZombieLimit.java → SetZombieLimit.h, SetZombieLimit.cpp
[327/563] ✓ Converted: DisableTutorialZombieControl.java → DisableTutorialZombieControl.h, DisableTutorialZombieControl.cpp
[328/563] ✓ Converted: AddHelpIconToWorld.java → AddHelpIconToWorld.h, AddHelpIconToWorld.cpp
[329/563] ✓ Converted: IsFlagValue.java → IsFlagValue.h, IsFlagValue.cpp
[330/563] ✓ Converted: SetFlag.java → SetFlag.h, SetFlag.cpp
[331/563] ✓ Converted: IsLessThan.java → IsLessThan.h, IsLessThan.cpp
[332/563] ✓ Converted: IsGreaterThan.java → IsGreaterThan.h, IsGreaterThan.cpp
[333/563] ✓ Converted: IsGreaterThanEqualTo.java → IsGreaterThanEqualTo.h, IsGreaterThanEqualTo.cpp
[334/563] ✓ Converted: Decrement.java → Decrement.h, Decrement.cpp
[335/563] ✓ Converted: IsLessThanEqualTo.java → IsLessThanEqualTo.h, IsLessThanEqualTo.cpp
[336/563] ✓ Converted: Increment.java → Increment.h, Increment.cpp
[337/563] ✓ Converted: IsNight.java → IsNight.h, IsNight.cpp
[338/563] ✓ Converted: IsPlaying.java → IsPlaying.h, IsPlaying.cpp
[339/563] ✓ Converted: Pause.java → Pause.h, Pause.cpp
[340/563] ✓ Converted: CallAndWait.java → CallAndWait.h, CallAndWait.cpp
[341/563] ✓ Converted: Resume.java → Resume.h, Resume.cpp
[342/563] ✓ Converted: CharactersAlreadyInScript.java → CharactersAlreadyInScript.h, CharactersAlreadyInScript.cpp
[343/563] ✓ Converted: StopScript.java → StopScript.h, StopScript.cpp
[344/563] ✓ Converted: Call.java → Call.h, Call.cpp
[345/563] ✓ Converted: ToggleActivatable.java → ToggleActivatable.h, ToggleActivatable.cpp
[346/563] ✓ Converted: IsActivated.java → IsActivated.h, IsActivated.cpp
[347/563] ✓ Converted: QuestAction_RunScript.java → QuestAction_RunScript.h, QuestAction_RunScript.cpp
[348/563] ✓ Converted: QuestAction_TutorialIcon.java → QuestAction_TutorialIcon.h, QuestAction_TutorialIcon.cpp
[349/563] ✓ Converted: QuestAction_UnlockQuestTask.java → QuestAction_UnlockQuestTask.h, QuestAction_UnlockQuestTask.cpp
[350/563] ✓ Converted: QuestAction_StartConversation.java → QuestAction_StartConversation.h, QuestAction_StartConversation.cpp
[351/563] ✓ Converted: QuestAction.java → QuestAction.h, QuestAction.cpp
[352/563] ✓ Converted: QuestAction_UnlockQuest.java → QuestAction_UnlockQuest.h, QuestAction_UnlockQuest.cpp
[353/563] ✓ Converted: TraitFactory.java → TraitFactory.h, TraitFactory.cpp
[354/563] ✓ Converted: PerkFactory.java → PerkFactory.h, PerkFactory.cpp
[355/563] ✓ Converted: FriendlyArmed.java → FriendlyArmed.h, FriendlyArmed.cpp
[356/563] ✓ Converted: Kate.java → Kate.h, Kate.cpp
[357/563] ✓ Converted: GunNut.java → GunNut.h, GunNut.cpp
[358/563] ✓ Converted: Cowardly.java → Cowardly.h, Cowardly.cpp
[359/563] ✓ Converted: Moodle.java → Moodle.h, Moodle.cpp
[360/563] ✓ Converted: Moodles.java → Moodles.h, Moodles.cpp
[361/563] ✓ Converted: MoodleType.java → MoodleType.h, MoodleType.cpp
[362/563] ✓ Converted: UnbarricadeAction.java → UnbarricadeAction.h, UnbarricadeAction.cpp
[363/563] ✓ Converted: LuaTimedAction.java → LuaTimedAction.h, LuaTimedAction.cpp
[364/563] ✓ Converted: BaseAction.java → BaseAction.h, BaseAction.cpp
[365/563] ✓ Converted: BarricadeAction.java → BarricadeAction.h, BarricadeAction.cpp
[366/563] ✓ Converted: ProfessionFactory.java → ProfessionFactory.h, ProfessionFactory.cpp
[367/563] ✓ Converted: BodyDamage.java → BodyDamage.h, BodyDamage.cpp
[368/563] ✓ Converted: BodyPart.java → BodyPart.h, BodyPart.cpp
[369/563] ✓ Converted: BodyPartType.java → BodyPartType.h, BodyPartType.cpp
[370/563] ✓ Converted: IsoObjectType.java → IsoObjectType.h, IsoObjectType.cpp
[371/563] ✓ Converted: IsoFlagType.java → IsoFlagType.h, IsoFlagType.cpp
[372/563] ✓ Converted: IsoWorldInventoryObject.java → IsoWorldInventoryObject.h, IsoWorldInventoryObject.cpp
[373/563] ✓ Converted: IsoJukebox.java → IsoJukebox.h, IsoJukebox.cpp
[374/563] ✓ Converted: IsoMolotovCocktail.java → IsoMolotovCocktail.h, IsoMolotovCocktail.cpp
[375/563] ✓ Converted: IsoLightSwitch.java → IsoLightSwitch.h, IsoLightSwitch.cpp
[376/563] ✓ Converted: IsoWheelieBin.java → IsoWheelieBin.h, IsoWheelieBin.cpp
[377/563] ✓ Converted: IsoTree.java → IsoTree.h, IsoTree.cpp
[378/563] ✓ Converted: IsoFireManager.java → IsoFireManager.h, IsoFireManager.cpp
[379/563] ✓ Converted: IsoZombieGiblets.java → IsoZombieGiblets.h, IsoZombieGiblets.cpp
[380/563] ✓ Converted: IsoRaindrop.java → IsoRaindrop.h, IsoRaindrop.cpp
[381/563] ✓ Converted: IsoBloodDrop.java → IsoBloodDrop.h, IsoBloodDrop.cpp
[382/563] ✓ Converted: IsoBarricade.java → IsoBarricade.h, IsoBarricade.cpp
[383/563] ✓ Converted: IsoRadio.java → IsoRadio.h, IsoRadio.cpp
[384/563] ✓ Converted: IsoCrate.java → IsoCrate.h, IsoCrate.cpp
[385/563] ✓ Converted: IsoStove.java → IsoStove.h, IsoStove.cpp
[386/563] ✓ Converted: IsoDeadBody.java → IsoDeadBody.h, IsoDeadBody.cpp
[387/563] ✓ Converted: IsoFire.java → IsoFire.h, IsoFire.cpp
[388/563] ✓ Converted: IsoDoor.java → IsoDoor.h, IsoDoor.cpp
[389/563] ✓ Converted: IsoRainSplash.java → IsoRainSplash.h, IsoRainSplash.cpp
[390/563] ✓ Converted: IsoWindow.java → IsoWindow.h, IsoWindow.cpp
[391/563] ✓ Converted: IsoCurtain.java → IsoCurtain.h, IsoCurtain.cpp
[392/563] ✓ Converted: RainManager.java → RainManager.h, RainManager.cpp
[393/563] ✓ Converted: BuildingScore.java → BuildingScore.h, BuildingScore.cpp
[394/563] ✓ Converted: IsoBuilding.java → IsoBuilding.h, IsoBuilding.cpp
[395/563] ✓ Converted: IsoArea.java → IsoArea.h, IsoArea.cpp
[396/563] ✓ Converted: IsoRoomExit.java → IsoRoomExit.h, IsoRoomExit.cpp
[397/563] ✓ Converted: IsoRoom.java → IsoRoom.h, IsoRoom.cpp
[398/563] ✓ Converted: IsoSprite.java → IsoSprite.h, IsoSprite.cpp
[399/563] ✓ Converted: IsoDirectionFrame.java → IsoDirectionFrame.h, IsoDirectionFrame.cpp
[400/563] ✓ Converted: IsoSpriteInstance.java → IsoSpriteInstance.h, IsoSpriteInstance.cpp
[401/563] ✓ Converted: AnimStateMachine.java → AnimStateMachine.h, AnimStateMachine.cpp
[402/563] ✓ Converted: IsoSpriteManager.java → IsoSpriteManager.h, IsoSpriteManager.cpp
[403/563] ✓ Converted: AnimState.java → AnimState.h, AnimState.cpp
[404/563] ✓ Converted: IsoAnim.java → IsoAnim.h, IsoAnim.cpp
[405/563] ✓ Converted: Thumpable.java → Thumpable.h, Thumpable.cpp
[406/563] ✓ Converted: Activatable.java → Activatable.h, Activatable.cpp
[407/563] ✓ Converted: AStarPathFinder.java → AStarPathFinder.h, AStarPathFinder.cpp
[408/563] ✓ Converted: AStarHeuristic.java → AStarHeuristic.h, AStarHeuristic.cpp
[409/563] ✓ Converted: TileBasedMap.java → TileBasedMap.h, TileBasedMap.cpp
[410/563] ✓ Converted: AStarPathMap.java → AStarPathMap.h, AStarPathMap.cpp
[411/563] ✓ Converted: INode.java → INode.h, INode.cpp
[412/563] ✓ Converted: SearchData.java → SearchData.h, SearchData.cpp
[413/563] ✓ Converted: Mover.java → Mover.h, Mover.cpp
[414/563] ✓ Converted: Path.java → Path.h, Path.cpp
[415/563] ✓ Converted: IPathfinder.java → IPathfinder.h, IPathfinder.cpp
[416/563] ✓ Converted: AStarPathFinderResult.java → AStarPathFinderResult.h, AStarPathFinderResult.cpp
[417/563] ✓ Converted: NodeDecomposer.java → NodeDecomposer.h, NodeDecomposer.cpp
[418/563] ✓ Converted: PathFinder.java → PathFinder.h, PathFinder.cpp
[419/563] ✓ Converted: PathFindState.java → PathFindState.h, PathFindState.cpp
[420/563] ✓ Converted: LungeState.java → LungeState.h, LungeState.cpp
[421/563] ✓ Converted: StaggerBackDieState.java → StaggerBackDieState.h, StaggerBackDieState.cpp
[422/563] ✓ Converted: ThumpState.java → ThumpState.h, ThumpState.cpp
[423/563] ✓ Converted: SwipeStatePlayer.java → SwipeStatePlayer.h, SwipeStatePlayer.cpp
[424/563] ✓ Converted: AttackState.java → AttackState.h, AttackState.cpp
[425/563] ✓ Converted: WanderState.java → WanderState.h, WanderState.cpp
[426/563] ✓ Converted: ReanimateState.java → ReanimateState.h, ReanimateState.cpp
[427/563] ✓ Converted: ZombiePathfindState.java → ZombiePathfindState.h, ZombiePathfindState.cpp
[428/563] ✓ Converted: LuaState.java → LuaState.h, LuaState.cpp
[429/563] ✓ Converted: WalkTowardState.java → WalkTowardState.h, WalkTowardState.cpp
[430/563] ✓ Converted: DieState.java → DieState.h, DieState.cpp
[431/563] ✓ Converted: StaggerBackState.java → StaggerBackState.h, StaggerBackState.cpp
[432/563] ✓ Converted: SwipeState.java → SwipeState.h, SwipeState.cpp
[433/563] ✓ Converted: IdleState.java → IdleState.h, IdleState.cpp
[434/563] ✓ Converted: ExploreState.java → ExploreState.h, ExploreState.cpp
[435/563] ✓ Converted: BurntToDeath.java → BurntToDeath.h, BurntToDeath.cpp
[436/563] ✓ Converted: ClosestSquaredHeuristic.java → ClosestSquaredHeuristic.h, ClosestSquaredHeuristic.cpp
[437/563] ✓ Converted: ManhattanHeuristic.java → ManhattanHeuristic.h, ManhattanHeuristic.cpp
[438/563] ✓ Converted: ClosestHeuristic.java → ClosestHeuristic.h, ClosestHeuristic.cpp
[439/563] ✓ Converted: FollowBehaviour.java → FollowBehaviour.h, FollowBehaviour.cpp
[440/563] ✓ Converted: PathFindBehavior.java → PathFindBehavior.h, PathFindBehavior.cpp
[441/563] ✓ Converted: MasterSurvivorBehavior.java → MasterSurvivorBehavior.h, MasterSurvivorBehavior.cpp
[442/563] ✓ Converted: TravelLocationFinder.java → TravelLocationFinder.h, TravelLocationFinder.cpp
[443/563] ✓ Converted: SatisfyFatigueBehavior.java → SatisfyFatigueBehavior.h, SatisfyFatigueBehavior.cpp
[444/563] ✓ Converted: SatisfyIdleBehavior.java → SatisfyIdleBehavior.h, SatisfyIdleBehavior.cpp
[445/563] ✓ Converted: SatisfyHungerBehavior.java → SatisfyHungerBehavior.h, SatisfyHungerBehavior.cpp
[446/563] ✓ Converted: FleeBehaviour.java → FleeBehaviour.h, FleeBehaviour.cpp
[447/563] ✓ Converted: AttackBehavior.java → AttackBehavior.h, AttackBehavior.cpp
[448/563] ✓ Converted: FindKnownItemBehavior.java → FindKnownItemBehavior.h, FindKnownItemBehavior.cpp
[449/563] ✓ Converted: ObeyOrders.java → ObeyOrders.h, ObeyOrders.cpp
[450/563] ✓ Converted: ObtainItemBehavior.java → ObtainItemBehavior.h, ObtainItemBehavior.cpp
[451/563] ✓ Converted: GotoBuildingOrder.java → GotoBuildingOrder.h, GotoBuildingOrder.cpp
[452/563] ✓ Converted: CallMeetingOrder.java → CallMeetingOrder.h, CallMeetingOrder.cpp
[453/563] ✓ Converted: FindSafehouse.java → FindSafehouse.h, FindSafehouse.cpp
[454/563] ✓ Converted: LootBuilding.java → LootBuilding.h, LootBuilding.cpp
[455/563] ✓ Converted: ArrangeLootingTeamOrder.java → ArrangeLootingTeamOrder.h, ArrangeLootingTeamOrder.cpp
[456/563] ✓ Converted: GuardOrder.java → GuardOrder.h, GuardOrder.cpp
[457/563] ✓ Converted: GotoOrder.java → GotoOrder.h, GotoOrder.cpp
[458/563] ✓ Converted: LootMission.java → LootMission.h, LootMission.cpp
[459/563] ✓ Converted: EndMeetingOrder.java → EndMeetingOrder.h, EndMeetingOrder.cpp
[460/563] ✓ Converted: ConversationOrder.java → ConversationOrder.h, ConversationOrder.cpp
[461/563] ✓ Converted: ReturnToSafehouseConversation.java → ReturnToSafehouseConversation.h, ReturnToSafehouseConversation.cpp
[462/563] ✓ Converted: LootContainer.java → LootContainer.h, LootContainer.cpp
[463/563] ✓ Converted: IdleOrder.java → IdleOrder.h, IdleOrder.cpp
[464/563] ✓ Converted: ObtainItem.java → ObtainItem.h, ObtainItem.cpp
[465/563] ✓ Converted: FollowOrder.java → FollowOrder.h, FollowOrder.cpp
[466/563] ✓ Converted: GotoNextTo.java → GotoNextTo.h, GotoNextTo.cpp
[467/563] ✓ Converted: BlockWindows.java → BlockWindows.h, BlockWindows.cpp
[468/563] ✓ Converted: DumpLootOrder.java → DumpLootOrder.h, DumpLootOrder.cpp
[469/563] ✓ Converted: SecureSafehouse.java → SecureSafehouse.h, SecureSafehouse.cpp
[470/563] ✓ Converted: GotoSafehouseOrder.java → GotoSafehouseOrder.h, GotoSafehouseOrder.cpp
[471/563] ✓ Converted: WaitUntilFollowersArrive.java → WaitUntilFollowersArrive.h, WaitUntilFollowersArrive.cpp
[472/563] ✓ Converted: OrderSequence.java → OrderSequence.h, OrderSequence.cpp
[473/563] ✓ Converted: Order.java → Order.h, Order.cpp
[474/563] ✓ Converted: LootRoom.java → LootRoom.h, LootRoom.cpp
[475/563] ✓ Converted: TakeItemFromContainer.java → TakeItemFromContainer.h, TakeItemFromContainer.cpp
[476/563] ✓ Converted: Barricade.java → Barricade.h, Barricade.cpp
[477/563] ✓ Converted: BandageOrder.java → BandageOrder.h, BandageOrder.cpp
[478/563] ✓ Converted: CraftItemOrder.java → CraftItemOrder.h, CraftItemOrder.cpp
[479/563] ✓ Converted: UseItemOnIsoObject.java → UseItemOnIsoObject.h, UseItemOnIsoObject.cpp
[480/563] ✓ Converted: AquireSheetAndBlockWindow.java → AquireSheetAndBlockWindow.h, AquireSheetAndBlockWindow.cpp
[481/563] ✓ Converted: CloseCurtains.java → CloseCurtains.h, CloseCurtains.cpp
[482/563] ✓ Converted: GotoRoomOrder.java → GotoRoomOrder.h, GotoRoomOrder.cpp
[483/563] ✓ Converted: DumpLootInContainer.java → DumpLootInContainer.h, DumpLootInContainer.cpp
[484/563] ✓ Converted: HangSheet.java → HangSheet.h, HangSheet.cpp
[485/563] ✓ Converted: EatFoodOrder.java → EatFoodOrder.h, EatFoodOrder.cpp
[486/563] ✓ Converted: CloseDoor.java → CloseDoor.h, CloseDoor.cpp
[487/563] ✓ Converted: FaceOrder.java → FaceOrder.h, FaceOrder.cpp
[488/563] ✓ Converted: StopAndFaceForOrder.java → StopAndFaceForOrder.h, StopAndFaceForOrder.cpp
[489/563] ✓ Converted: DrinkWater.java → DrinkWater.h, DrinkWater.cpp
[490/563] ✓ Converted: StopBleeding.java → StopBleeding.h, StopBleeding.cpp
[491/563] ✓ Converted: Need.java → Need.h, Need.cpp
[492/563] ✓ Converted: Heal.java → Heal.h, Heal.cpp
[493/563] ✓ Converted: Shader.java → Shader.h, Shader.cpp
[494/563] ✓ Converted: OpenGLState.java → OpenGLState.h, OpenGLState.cpp
[495/563] ✓ Converted: AlphaOp.java → AlphaOp.h, AlphaOp.cpp
[496/563] ✓ Converted: Style.java → Style.h, Style.cpp
[497/563] ✓ Converted: TransparentStyle.java → TransparentStyle.h, TransparentStyle.cpp
[498/563] ✓ Converted: AbstractStyle.java → AbstractStyle.h, AbstractStyle.cpp
[499/563] ✓ Converted: GeometryData.java → GeometryData.h, GeometryData.cpp
[500/563] ✓ Converted: ShortList.java → ShortList.h, ShortList.cpp
[501/563] ✓ Converted: LightingStyle.java → LightingStyle.h, LightingStyle.cpp
[502/563] ✓ Converted: FloatList.java → FloatList.h, FloatList.cpp
[503/563] ✓ Converted: IntList.java → IntList.h, IntList.cpp
[504/563] ✓ Converted: AngelCodeFont.java → AngelCodeFont.h, AngelCodeFont.cpp
[505/563] ✓ Converted: Font.java → Font.h, Font.cpp
[506/563] ✓ Converted: AudioManager.java → AudioManager.h, AudioManager.cpp
[507/563] ✓ Converted: Attenuator.java → Attenuator.h, Attenuator.cpp
[508/563] ✓ Converted: Source.java → Source.h, Source.cpp
[509/563] ✓ Converted: SoundEngine.java → SoundEngine.h, SoundEngine.cpp
[510/563] ✓ Converted: DefAttenuation.java → DefAttenuation.h, DefAttenuation.cpp
[511/563] ✓ Converted: StreamInstance.java → StreamInstance.h, StreamInstance.cpp
[512/563] ✓ Converted: Buffer.java → Buffer.h, Buffer.cpp
[513/563] ✓ Converted: Sound.java → Sound.h, Sound.cpp
[514/563] ✓ Converted: OggInputStream.java → OggInputStream.h, OggInputStream.cpp
[515/563] ✓ Converted: NoAttenuation.java → NoAttenuation.h, NoAttenuation.cpp
[516/563] ✓ Converted: SoundEffectImpl.java → SoundEffectImpl.h, SoundEffectImpl.cpp
[517/563] ✓ Converted: AbstractSound.java → AbstractSound.h, AbstractSound.cpp
[518/563] ✓ Converted: Stream.java → Stream.h, Stream.cpp
[519/563] ✓ Converted: SoundEffect.java → SoundEffect.h, SoundEffect.cpp
[520/563] ✓ Converted: VBOBuffer.java → VBOBuffer.h, VBOBuffer.cpp
[521/563] ✓ Converted: GLVertexBufferObject.java → GLVertexBufferObject.h, GLVertexBufferObject.cpp
[522/563] ✓ Converted: Bucket.java → Bucket.h, Bucket.cpp
[523/563] ✓ Converted: BucketManager.java → BucketManager.h, BucketManager.cpp
[524/563] ✓ Converted: Polygon.java → Polygon.h, Polygon.cpp
[525/563] ✓ Converted: Input.java → Input.h, Input.cpp
[526/563] ✓ Converted: InputListener.java → InputListener.h, InputListener.cpp
[527/563] ✓ Converted: KeyListener.java → KeyListener.h, KeyListener.cpp
[528/563] ✓ Converted: ControlledInputReciever.java → ControlledInputReciever.h, ControlledInputReciever.cpp
[529/563] ✓ Converted: ControllerListener.java → ControllerListener.h, ControllerListener.cpp
[530/563] ✓ Converted: MouseListener.java → MouseListener.h, MouseListener.cpp
[531/563] ✓ Converted: TextureBinder.java → TextureBinder.h, TextureBinder.cpp
[532/563] ✓ Converted: TextureNameAlreadyInUseException.java → TextureNameAlreadyInUseException.h, TextureNameAlreadyInUseException.cpp
[533/563] ✓ Converted: Texture.java → Texture.h, Texture.cpp
[534/563] ✓ Converted: AlphaColorIndex.java → AlphaColorIndex.h, AlphaColorIndex.cpp
[535/563] ✓ Converted: Mask.java → Mask.h, Mask.cpp
[536/563] ✓ Converted: LoginForm.java → LoginForm.h, LoginForm.cpp
[537/563] ✓ Converted: AuthenticatingFrame.java → AuthenticatingFrame.h, AuthenticatingFrame.cpp
[538/563] ✓ Converted: Pcx.java → Pcx.h, Pcx.cpp
[539/563] ✓ Converted: ImageData.java → ImageData.h, ImageData.cpp
[540/563] ✓ Converted: TexturePackPage.java → TexturePackPage.h, TexturePackPage.cpp
[541/563] ✓ Converted: TextureFBO.java → TextureFBO.h, TextureFBO.cpp
[542/563] ✓ Converted: TextureDraw.java → TextureDraw.h, TextureDraw.cpp
[543/563] ✓ Converted: TextureNotFoundException.java → TextureNotFoundException.h, TextureNotFoundException.cpp
[544/563] ✓ Converted: PaletteManager.java → PaletteManager.h, PaletteManager.cpp
[545/563] ✓ Converted: TextureID.java → TextureID.h, TextureID.cpp
[546/563] ✓ Converted: ColorInfo.java → ColorInfo.h, ColorInfo.cpp
[547/563] ✓ Converted: ZomboidHashSet.java → ZomboidHashSet.h, ZomboidHashSet.cpp
[548/563] ✓ Converted: ZomboidHashMap.java → ZomboidHashMap.h, ZomboidHashMap.cpp
[549/563] ✓ Converted: NulledArrayList.java → NulledArrayList.h, NulledArrayList.cpp
[550/563] ✓ Converted: ZomboidAbstractMap.java → ZomboidAbstractMap.h, ZomboidAbstractMap.cpp
[551/563] ✓ Converted: ImageUtils.java → ImageUtils.h, ImageUtils.cpp
[552/563] ✓ Converted: Utility.java → Utility.h, Utility.cpp
[553/563] ✓ Converted: OnceEvery.java → OnceEvery.h, OnceEvery.cpp
[554/563] ✓ Converted: FibonacciHeap.java → FibonacciHeap.h, FibonacciHeap.cpp
[555/563] ✓ Converted: PropertyContainer.java → PropertyContainer.h, PropertyContainer.cpp
[556/563] ✓ Converted: ComboItem.java → ComboItem.h, ComboItem.cpp
[557/563] ✓ Converted: HandWeapon.java → HandWeapon.h, HandWeapon.cpp
[558/563] ✓ Converted: Radio.java → Radio.h, Radio.cpp
[559/563] ✓ Converted: DrainableComboItem.java → DrainableComboItem.h, DrainableComboItem.cpp
[560/563] ✓ Converted: Food.java → Food.h, Food.cpp
[561/563] ✓ Converted: Literature.java → Literature.h, Literature.cpp
[562/563] ✓ Converted: Clothing.java → Clothing.h, Clothing.cpp
[563/563] ✓ Converted: Drainable.java → Drainable.h, Drainable.cpp
============================================================
Conversion Summary:
  Files Processed: 563
  Files Success:   563
  Files Failed:    0
  Lines Converted: 93392
  Success Rate:    100.0%
