[  0%] Building CXX object CMakeFiles/ProjectZomboidCpp.dir/src/main.o
[  0%] Building CXX object CMakeFiles/ProjectZomboidCpp.dir/src/Config.o
[  0%] Building CXX object CMakeFiles/ProjectZomboidCpp.dir/src/GameWindow.o
[  0%] Building CXX object CMakeFiles/ProjectZomboidCpp.dir/src/Core.o
[  0%] Building CXX object CMakeFiles/ProjectZomboidCpp.dir/src/GameStateMachine.o
[  0%] Building CXX object CMakeFiles/ProjectZomboidCpp.dir/src/GameTime.o
[  0%] Building CXX object CMakeFiles/ProjectZomboidCpp.dir/src/TextureManager.o
[  0%] Building CXX object CMakeFiles/ProjectZomboidCpp.dir/src/Sprite.o
[  0%] Building CXX object CMakeFiles/ProjectZomboidCpp.dir/src/SpriteBatch.o
[  0%] Building CXX object CMakeFiles/ProjectZomboidCpp.dir/src/SpriteAnimation.o
[  0%] Building CXX object CMakeFiles/ProjectZomboidCpp.dir/src/BitmapFont.o
[  0%] Building CXX object CMakeFiles/ProjectZomboidCpp.dir/src/TileMap.o
[  0%] Building CXX object CMakeFiles/ProjectZomboidCpp.dir/src/Entity.o
[  1%] Building CXX object CMakeFiles/ProjectZomboidCpp.dir/src/Player.o
[  1%] Building CXX object CMakeFiles/ProjectZomboidCpp.dir/src/Collision.o
[  1%] Building CXX object CMakeFiles/ProjectZomboidCpp.dir/src/InputManager.o
[  1%] Building CXX object CMakeFiles/ProjectZomboidCpp.dir/src/SoundManager.o
[  1%] Building CXX object CMakeFiles/ProjectZomboidCpp.dir/src/IsoPlayer.o
[  1%] Building CXX object CMakeFiles/ProjectZomboidCpp.dir/src/IsoObject.o
[  1%] Building CXX object CMakeFiles/ProjectZomboidCpp.dir/src/IsoGridSquare.o
[  1%] Building CXX object CMakeFiles/ProjectZomboidCpp.dir/src/IsoChunk.o
[  1%] Building CXX object CMakeFiles/ProjectZomboidCpp.dir/src/IsoZombie.o
[  1%] Building CXX object CMakeFiles/ProjectZomboidCpp.dir/src/IsoCell.o
[  1%] Building CXX object CMakeFiles/ProjectZomboidCpp.dir/src/Inventory.o
[  1%] Building CXX object CMakeFiles/ProjectZomboidCpp.dir/src/Building.o
[  1%] Building CXX object CMakeFiles/ProjectZomboidCpp.dir/src/AIBehaviors.o
[  1%] Building CXX object CMakeFiles/ProjectZomboidCpp.dir/src/SaveLoad.o
[  2%] Building CXX object CMakeFiles/ProjectZomboidCpp.dir/src/Animation.o
[  2%] Building CXX object CMakeFiles/ProjectZomboidCpp.dir/src/AnimationController.o
[  2%] Building CXX object CMakeFiles/ProjectZomboidCpp.dir/src/TextureAtlas.o
[  2%] Building CXX object CMakeFiles/ProjectZomboidCpp.dir/src/SpriteLoader.o
[  2%] Building CXX object CMakeFiles/ProjectZomboidCpp.dir/src/Audio.o
[  2%] Building CXX object CMakeFiles/ProjectZomboidCpp.dir/src/UI.o
[  2%] Building CXX object CMakeFiles/ProjectZomboidCpp.dir/src/Tasks.o
[  2%] Building CXX object CMakeFiles/ProjectZomboidCpp.dir/src/WorldContent.o
[  2%] Building CXX object CMakeFiles/ProjectZomboidCpp.dir/src/WorldLoader.o
[  2%] Building CXX object CMakeFiles/ProjectZomboidCpp.dir/src/SpatialGrid.o
[  2%] Building CXX object CMakeFiles/ProjectZomboidCpp.dir/src/AudioInteractionSystem.o
[  2%] Building CXX object CMakeFiles/ProjectZomboidCpp.dir/src/VisibilitySystem.o
[  2%] Building CXX object CMakeFiles/ProjectZomboidCpp.dir/src/InventoryManager.o
[  2%] Building CXX object CMakeFiles/ProjectZomboidCpp.dir/src/PathfindingThreadPool.o
[  3%] Building CXX object CMakeFiles/ProjectZomboidCpp.dir/src/ObjectPool.o
[  3%] Building CXX object CMakeFiles/ProjectZomboidCpp.dir/src/AssetStreaming.o
[  3%] Building CXX object CMakeFiles/ProjectZomboidCpp.dir/src/ChunkManager.o
[  3%] Building CXX object CMakeFiles/ProjectZomboidCpp.dir/src/ChunkRenderer.o
[  3%] Building CXX object CMakeFiles/ProjectZomboidCpp.dir/src/PlayerChunkSync.o
[  3%] Building CXX object CMakeFiles/ProjectZomboidCpp.dir/src/IsometricRenderer.o
[  3%] Building CXX object CMakeFiles/ProjectZomboidCpp.dir/src/WorldCollisionSystem.o
[  3%] Building CXX object CMakeFiles/ProjectZomboidCpp.dir/src/MainMenuScreen.o
[  3%] Building CXX object CMakeFiles/ProjectZomboidCpp.dir/src/OptionsScreen.o
[  3%] Building CXX object CMakeFiles/ProjectZomboidCpp.dir/src/NetworkManager.o
[  3%] Building CXX object CMakeFiles/ProjectZomboidCpp.dir/src/ControllerRebindUI.o
[  3%] Building CXX object CMakeFiles/ProjectZomboidCpp.dir/src/RadialMenu.o
